<?xml version="1.0" encoding="UTF-8"?>
<!-- Generated by org.testng.reporters.JUnitReportReporter -->
<testsuite hostname="LAPTOP-3FF73V8C" name="Reports.ExtendReportsDemo" tests="1" failures="0" timestamp="11 Feb 2021 18:45:18 GMT" time="0.283" errors="0">
  <testcase name="testMethod" time="0.283" classname="Reports.ExtendReportsDemo"/>
</testsuite> <!-- Reports.ExtendReportsDemo -->
